<?xml version="1.0" encoding="utf-8"?><testsuites name="pytest tests"><testsuite name="pytest" errors="0" failures="0" skipped="0" tests="11" time="3.432" timestamp="2026-05-13T15:10:11.595817+00:00" hostname="agent-env-294cd0b7-d550-4876-a903-5d953d946232"><testcase classname="backend.tests.test_new_features" name="test_upload_requires_auth" time="0.277" /><testcase classname="backend.tests.test_new_features" name="test_upload_rejects_unsupported_type" time="0.474" /><testcase classname="backend.tests.test_new_features" name="test_upload_png_returns_id_url_size_and_file_downloadable" time="0.420" /><testcase classname="backend.tests.test_new_features" name="test_upload_jpg" time="0.239" /><testcase classname="backend.tests.test_new_features" name="test_file_404_for_unknown" time="0.082" /><testcase classname="backend.tests.test_new_features" name="test_a1_list_artworks_includes_new_fields" time="0.106" /><testcase classname="backend.tests.test_new_features" name="test_a2_seed_cleanup_on_first_real_artwork" time="0.482" /><testcase classname="backend.tests.test_new_features" name="test_create_artwork_persists_images_array" time="0.228" /><testcase classname="backend.tests.test_new_features" name="test_reorder_artworks_requires_auth" time="0.074" /><testcase classname="backend.tests.test_new_features" name="test_reorder_updates_orders" time="0.465" /><testcase classname="backend.tests.test_new_features" name="test_seed_cleanup_on_first_real_exhibition" time="0.383" /></testsuite></testsuites>