<?xml version="1.0" encoding="utf-8"?><testsuites name="pytest tests"><testsuite name="pytest" errors="0" failures="0" skipped="0" tests="10" time="2.095" timestamp="2026-05-13T15:56:51.831992+00:00" hostname="agent-env-294cd0b7-d550-4876-a903-5d953d946232"><testcase classname="backend.tests.test_iter3" name="test_get_site_texts_initial" time="0.243" /><testcase classname="backend.tests.test_iter3" name="test_put_site_texts_requires_admin" time="0.072" /><testcase classname="backend.tests.test_iter3" name="test_put_site_texts_saves_and_retrieves" time="0.508" /><testcase classname="backend.tests.test_iter3" name="test_get_settings_initial" time="0.157" /><testcase classname="backend.tests.test_iter3" name="test_put_settings_requires_admin" time="0.056" /><testcase classname="backend.tests.test_iter3" name="test_put_settings_updates" time="0.115" /><testcase classname="backend.tests.test_iter3" name="test_pdf_upload_requires_auth" time="0.055" /><testcase classname="backend.tests.test_iter3" name="test_pdf_upload_rejects_non_pdf" time="0.062" /><testcase classname="backend.tests.test_iter3" name="test_pdf_upload_success_and_download" time="0.415" /><testcase classname="backend.tests.test_iter3" name="test_z_cleanup_restore_pristine_state" time="0.122" /></testsuite></testsuites>