<?xml version="1.0" encoding="utf-8"?><testsuites name="pytest tests"><testsuite name="pytest" errors="0" failures="1" skipped="0" tests="16" time="4.685" timestamp="2026-05-13T14:45:03.752365+00:00" hostname="agent-env-294cd0b7-d550-4876-a903-5d953d946232"><testcase classname="backend.tests.backend_test" name="test_root" time="0.320" /><testcase classname="backend.tests.backend_test" name="test_list_artworks" time="0.072" /><testcase classname="backend.tests.backend_test" name="test_get_artwork_by_id" time="0.132" /><testcase classname="backend.tests.backend_test" name="test_get_artwork_404" time="0.067" /><testcase classname="backend.tests.backend_test" name="test_list_exhibitions" time="0.068" /><testcase classname="backend.tests.backend_test" name="test_get_artist" time="0.066" /><testcase classname="backend.tests.backend_test" name="test_login_success" time="0.360" /><testcase classname="backend.tests.backend_test" name="test_login_wrong_password" time="0.371" /><testcase classname="backend.tests.backend_test" name="test_login_wrong_email" time="0.065" /><testcase classname="backend.tests.backend_test" name="test_me_with_token" time="0.456" /><testcase classname="backend.tests.backend_test" name="test_me_without_token" time="0.069" /><testcase classname="backend.tests.backend_test" name="test_artwork_unauth_create" time="0.064" /><testcase classname="backend.tests.backend_test" name="test_artwork_crud" time="0.472" /><testcase classname="backend.tests.backend_test" name="test_exhibition_create" time="0.139" /><testcase classname="backend.tests.backend_test" name="test_checkout_invalid_artwork" time="0.068" /><testcase classname="backend.tests.backend_test" name="test_checkout_session_creates" time="1.415"><failure message="assert 500 == 200&#10; +  where 500 = &lt;Response [500]&gt;.status_code">backend/tests/backend_test.py:172: in test_checkout_session_creates
    assert r.status_code == 200
E   assert 500 == 200
E    +  where 500 = &lt;Response [500]&gt;.status_code</failure></testcase></testsuite></testsuites>